Release 14.5 - xst P.58f (nt)
Copyright (c) 1995-2012 Xilinx, Inc.  All rights reserved.
--> Parameter TMPDIR set to xst/projnav.tmp


Total REAL time to Xst completion: 0.00 secs
Total CPU time to Xst completion: 0.16 secs
 
--> Parameter xsthdpdir set to xst


Total REAL time to Xst completion: 0.00 secs
Total CPU time to Xst completion: 0.16 secs
 
--> Reading design: LFSR_In.prj

TABLE OF CONTENTS
  1) Synthesis Options Summary
  2) HDL Parsing
  3) HDL Elaboration
  4) HDL Synthesis
       4.1) HDL Synthesis Report
  5) Advanced HDL Synthesis
       5.1) Advanced HDL Synthesis Report
  6) Low Level Synthesis
  7) Partition Report
  8) Design Summary
       8.1) Primitive and Black Box Usage
       8.2) Device utilization summary
       8.3) Partition Resource Summary
       8.4) Timing Report
            8.4.1) Clock Information
            8.4.2) Asynchronous Control Signals Information
            8.4.3) Timing Summary
            8.4.4) Timing Details
            8.4.5) Cross Clock Domains Report


=========================================================================
*                      Synthesis Options Summary                        *
=========================================================================
---- Source Parameters
Input File Name                    : "LFSR_In.prj"
Ignore Synthesis Constraint File   : NO

---- Target Parameters
Output File Name                   : "LFSR_In"
Output Format                      : NGC
Target Device                      : xc7a100t-3-csg324

---- Source Options
Top Module Name                    : LFSR_In
Automatic FSM Extraction           : YES
FSM Encoding Algorithm             : Auto
Safe Implementation                : No
FSM Style                          : LUT
RAM Extraction                     : Yes
RAM Style                          : Auto
ROM Extraction                     : Yes
Shift Register Extraction          : YES
ROM Style                          : Auto
Resource Sharing                   : YES
Asynchronous To Synchronous        : NO
Shift Register Minimum Size        : 2
Use DSP Block                      : Auto
Automatic Register Balancing       : No

---- Target Options
LUT Combining                      : Auto
Reduce Control Sets                : Auto
Add IO Buffers                     : YES
Global Maximum Fanout              : 100000
Add Generic Clock Buffer(BUFG)     : 32
Register Duplication               : YES
Optimize Instantiated Primitives   : NO
Use Clock Enable                   : Auto
Use Synchronous Set                : Auto
Use Synchronous Reset              : Auto
Pack IO Registers into IOBs        : Auto
Equivalent register Removal        : YES

---- General Options
Optimization Goal                  : Speed
Optimization Effort                : 1
Power Reduction                    : NO
Keep Hierarchy                     : No
Netlist Hierarchy                  : As_Optimized
RTL Output                         : Yes
Global Optimization                : AllClockNets
Read Cores                         : YES
Write Timing Constraints           : NO
Cross Clock Analysis               : NO
Hierarchy Separator                : /
Bus Delimiter                      : <>
Case Specifier                     : Maintain
Slice Utilization Ratio            : 100
BRAM Utilization Ratio             : 100
DSP48 Utilization Ratio            : 100
Auto BRAM Packing                  : NO
Slice Utilization Ratio Delta      : 5

=========================================================================


=========================================================================
*                          HDL Parsing                                  *
=========================================================================
Parsing VHDL file "E:\Embedded\Projects\POCP\Lab04_Syn\LFSR_In.vhd" into library work
Parsing entity <LFSR_In>.
Parsing architecture <Beh> of entity <lfsr_in>.

=========================================================================
*                            HDL Elaboration                            *
=========================================================================

Elaborating entity <LFSR_In> (architecture <Beh>) with generics from library <work>.
WARNING:HDLCompiler:92 - "E:\Embedded\Projects\POCP\Lab04_Syn\LFSR_In.vhd" Line 36: buf should be on the sensitivity list of the process

=========================================================================
*                           HDL Synthesis                               *
=========================================================================

Synthesizing Unit <LFSR_In>.
    Related source file is "E:\Embedded\Projects\POCP\Lab04_Syn\LFSR_In.vhd".
        i = 2
    Found 4-bit register for signal <Pout>.
WARNING:Xst:737 - Found 1-bit latch for signal <buf>. Latches may be generated from incomplete case or if statements. We do not recommend the use of latches in FPGA/CPLD designs, as they may lead to timing problems.
    Summary:
	inferred   4 D-type flip-flop(s).
	inferred   1 Latch(s).
	inferred   1 Multiplexer(s).
Unit <LFSR_In> synthesized.

=========================================================================
HDL Synthesis Report

Macro Statistics
# Registers                                            : 1
 4-bit register                                        : 1
# Latches                                              : 1
 1-bit latch                                           : 1
# Multiplexers                                         : 1
 4-bit 2-to-1 multiplexer                              : 1
# Xors                                                 : 1
 1-bit xor2                                            : 1

=========================================================================

=========================================================================
*                       Advanced HDL Synthesis                          *
=========================================================================


=========================================================================
Advanced HDL Synthesis Report

Macro Statistics
# Registers                                            : 4
 Flip-Flops                                            : 4
# Multiplexers                                         : 4
 1-bit 2-to-1 multiplexer                              : 4
# Xors                                                 : 1
 1-bit xor2                                            : 1

=========================================================================

=========================================================================
*                         Low Level Synthesis                           *
=========================================================================

Optimizing unit <LFSR_In> ...

Mapping all equations...
Building and optimizing final netlist ...
Found area constraint ratio of 100 (+ 5) on block LFSR_In, actual ratio is 0.
FlipFlop sreg_2 has been replicated 1 time(s) to handle iob=true attribute.

Final Macro Processing ...

=========================================================================
Final Register Report

Macro Statistics
# Registers                                            : 5
 Flip-Flops                                            : 5

=========================================================================

=========================================================================
*                           Partition Report                            *
=========================================================================

Partition Implementation Status
-------------------------------

  No Partitions were found in this design.

-------------------------------

=========================================================================
*                            Design Summary                             *
=========================================================================

Top Level Output File Name         : LFSR_In.ngc

Primitive and Black Box Usage:
------------------------------
# BELS                             : 5
#      LUT2                        : 1
#      LUT3                        : 4
# FlipFlops/Latches                : 6
#      FDC                         : 5
#      LD                          : 1
# Clock Buffers                    : 2
#      BUFG                        : 1
#      BUFGP                       : 1
# IO Buffers                       : 10
#      IBUF                        : 6
#      OBUF                        : 4

Device utilization summary:
---------------------------

Selected Device : 7a100tcsg324-3 


Slice Logic Utilization: 
 Number of Slice Registers:               5  out of  126800     0%  
 Number of Slice LUTs:                    5  out of  63400     0%  
    Number used as Logic:                 5  out of  63400     0%  

Slice Logic Distribution: 
 Number of LUT Flip Flop pairs used:     10
   Number with an unused Flip Flop:       5  out of     10    50%  
   Number with an unused LUT:             5  out of     10    50%  
   Number of fully used LUT-FF pairs:     0  out of     10     0%  
   Number of unique control sets:         2

IO Utilization: 
 Number of IOs:                          11
 Number of bonded IOBs:                  11  out of    210     5%  
    IOB Flip Flops/Latches:               1

Specific Feature Utilization:
 Number of BUFG/BUFGCTRL/BUFHCEs:         2  out of    128     1%  

---------------------------
Partition Resource Summary:
---------------------------

  No Partitions were found in this design.

---------------------------


=========================================================================
Timing Report

NOTE: THESE TIMING NUMBERS ARE ONLY A SYNTHESIS ESTIMATE.
      FOR ACCURATE TIMING INFORMATION PLEASE REFER TO THE TRACE REPORT
      GENERATED AFTER PLACE-and-ROUTE.

Clock Information:
------------------
-----------------------------------+------------------------+-------+
Clock Signal                       | Clock buffer(FF name)  | Load  |
-----------------------------------+------------------------+-------+
CLK                                | BUFGP                  | 5     |
LS                                 | IBUF+BUFG              | 1     |
-----------------------------------+------------------------+-------+

Asynchronous Control Signals Information:
----------------------------------------
No asynchronous control signals found in this design

Timing Summary:
---------------
Speed Grade: -3

   Minimum period: 0.771ns (Maximum Frequency: 1296.849MHz)
   Minimum input arrival time before clock: 0.648ns
   Maximum output required time after clock: 0.650ns
   Maximum combinational path delay: No path found

Timing Details:
---------------
All values displayed in nanoseconds (ns)

=========================================================================
Timing constraint: Default period analysis for Clock 'CLK'
  Clock period: 0.771ns (frequency: 1296.849MHz)
  Total number of paths / destination ports: 3 / 3
-------------------------------------------------------------------------
Delay:               0.771ns (Levels of Logic = 1)
  Source:            sreg_0 (FF)
  Destination:       sreg_1 (FF)
  Source Clock:      CLK rising
  Destination Clock: CLK rising

  Data Path: sreg_0 to sreg_1
                                Gate     Net
    Cell:in->out      fanout   Delay   Delay  Logical Name (Net Name)
    ----------------------------------------  ------------
     FDC:C->Q              3   0.361   0.305  sreg_0 (sreg_0)
     LUT3:I2->O            1   0.097   0.000  mux211 (sdat<1>)
     FDC:D                     0.008          sreg_1
    ----------------------------------------
    Total                      0.771ns (0.466ns logic, 0.305ns route)
                                       (60.4% logic, 39.6% route)

=========================================================================
Timing constraint: Default OFFSET IN BEFORE for Clock 'CLK'
  Total number of paths / destination ports: 15 / 10
-------------------------------------------------------------------------
Offset:              0.648ns (Levels of Logic = 1)
  Source:            RST (PAD)
  Destination:       sreg_3 (FF)
  Destination Clock: CLK rising

  Data Path: RST to sreg_3
                                Gate     Net
    Cell:in->out      fanout   Delay   Delay  Logical Name (Net Name)
    ----------------------------------------  ------------
     IBUF:I->O             5   0.001   0.298  RST_IBUF (RST_IBUF)
     FDC:CLR                   0.349          sreg_3
    ----------------------------------------
    Total                      0.648ns (0.350ns logic, 0.298ns route)
                                       (54.0% logic, 46.0% route)

=========================================================================
Timing constraint: Default OFFSET OUT AFTER for Clock 'CLK'
  Total number of paths / destination ports: 4 / 4
-------------------------------------------------------------------------
Offset:              0.650ns (Levels of Logic = 1)
  Source:            sreg_0 (FF)
  Destination:       Pout<0> (PAD)
  Source Clock:      CLK rising

  Data Path: sreg_0 to Pout<0>
                                Gate     Net
    Cell:in->out      fanout   Delay   Delay  Logical Name (Net Name)
    ----------------------------------------  ------------
     FDC:C->Q              3   0.361   0.289  sreg_0 (sreg_0)
     OBUF:I->O                 0.000          Pout_0_OBUF (Pout<0>)
    ----------------------------------------
    Total                      0.650ns (0.361ns logic, 0.289ns route)
                                       (55.5% logic, 44.5% route)

=========================================================================

Cross Clock Domains Report:
--------------------------

Clock to Setup on destination clock CLK
---------------+---------+---------+---------+---------+
               | Src:Rise| Src:Fall| Src:Rise| Src:Fall|
Source Clock   |Dest:Rise|Dest:Rise|Dest:Fall|Dest:Fall|
---------------+---------+---------+---------+---------+
CLK            |    0.771|         |         |         |
LS             |         |    0.956|         |         |
---------------+---------+---------+---------+---------+

Clock to Setup on destination clock LS
---------------+---------+---------+---------+---------+
               | Src:Rise| Src:Fall| Src:Rise| Src:Fall|
Source Clock   |Dest:Rise|Dest:Rise|Dest:Fall|Dest:Fall|
---------------+---------+---------+---------+---------+
CLK            |         |         |    0.847|         |
---------------+---------+---------+---------+---------+

=========================================================================


Total REAL time to Xst completion: 10.00 secs
Total CPU time to Xst completion: 10.21 secs
 
--> 

Total memory usage is 263836 kilobytes

Number of errors   :    0 (   0 filtered)
Number of warnings :    2 (   0 filtered)
Number of infos    :    0 (   0 filtered)

