Release 14.5 - xst P.58f (nt)
Copyright (c) 1995-2012 Xilinx, Inc.  All rights reserved.
--> Parameter TMPDIR set to xst/projnav.tmp


Total REAL time to Xst completion: 0.00 secs
Total CPU time to Xst completion: 0.31 secs
 
--> Parameter xsthdpdir set to xst


Total REAL time to Xst completion: 0.00 secs
Total CPU time to Xst completion: 0.32 secs
 
--> Reading design: Task1.prj

TABLE OF CONTENTS
  1) Synthesis Options Summary
  2) HDL Parsing
  3) HDL Elaboration
  4) HDL Synthesis
       4.1) HDL Synthesis Report
  5) Advanced HDL Synthesis
       5.1) Advanced HDL Synthesis Report
  6) Low Level Synthesis
  7) Partition Report
  8) Design Summary
       8.1) Primitive and Black Box Usage
       8.2) Device utilization summary
       8.3) Partition Resource Summary
       8.4) Timing Report
            8.4.1) Clock Information
            8.4.2) Asynchronous Control Signals Information
            8.4.3) Timing Summary
            8.4.4) Timing Details
            8.4.5) Cross Clock Domains Report


=========================================================================
*                      Synthesis Options Summary                        *
=========================================================================
---- Source Parameters
Input File Name                    : "Task1.prj"
Ignore Synthesis Constraint File   : NO

---- Target Parameters
Output File Name                   : "Task1"
Output Format                      : NGC
Target Device                      : xc7a100t-3-csg324

---- Source Options
Top Module Name                    : Task1
Automatic FSM Extraction           : YES
FSM Encoding Algorithm             : Auto
Safe Implementation                : No
FSM Style                          : LUT
RAM Extraction                     : Yes
RAM Style                          : Auto
ROM Extraction                     : Yes
Shift Register Extraction          : YES
ROM Style                          : Auto
Resource Sharing                   : YES
Asynchronous To Synchronous        : NO
Shift Register Minimum Size        : 2
Use DSP Block                      : Auto
Automatic Register Balancing       : No

---- Target Options
LUT Combining                      : Auto
Reduce Control Sets                : Auto
Add IO Buffers                     : YES
Global Maximum Fanout              : 100000
Add Generic Clock Buffer(BUFG)     : 32
Register Duplication               : YES
Optimize Instantiated Primitives   : NO
Use Clock Enable                   : Auto
Use Synchronous Set                : Auto
Use Synchronous Reset              : Auto
Pack IO Registers into IOBs        : Auto
Equivalent register Removal        : YES

---- General Options
Optimization Goal                  : Speed
Optimization Effort                : 1
Power Reduction                    : NO
Keep Hierarchy                     : No
Netlist Hierarchy                  : As_Optimized
RTL Output                         : Yes
Global Optimization                : AllClockNets
Read Cores                         : YES
Write Timing Constraints           : NO
Cross Clock Analysis               : NO
Hierarchy Separator                : /
Bus Delimiter                      : <>
Case Specifier                     : Maintain
Slice Utilization Ratio            : 100
BRAM Utilization Ratio             : 100
DSP48 Utilization Ratio            : 100
Auto BRAM Packing                  : NO
Slice Utilization Ratio Delta      : 5

=========================================================================


=========================================================================
*                          HDL Parsing                                  *
=========================================================================
Parsing VHDL file "E:\Embedded\Projects\POCP\Lab05_Syn\Task1.vhd" into library work
Parsing entity <Task1>.
Parsing architecture <Beh> of entity <task1>.

=========================================================================
*                            HDL Elaboration                            *
=========================================================================

Elaborating entity <Task1> (architecture <Beh>) from library <work>.
INFO:HDLCompiler:679 - "E:\Embedded\Projects\POCP\Lab05_Syn\Task1.vhd" Line 86. Case statement is complete. others clause is never selected

=========================================================================
*                           HDL Synthesis                               *
=========================================================================

Synthesizing Unit <Task1>.
    Related source file is "E:\Embedded\Projects\POCP\Lab05_Syn\Task1.vhd".
    Found 3-bit register for signal <state>.
    Found finite state machine <FSM_0> for signal <state>.
    -----------------------------------------------------------------------
    | States             | 5                                              |
    | Transitions        | 10                                             |
    | Inputs             | 5                                              |
    | Outputs            | 2                                              |
    | Clock              | CLK (rising_edge)                              |
    | Reset              | RST (positive)                                 |
    | Reset type         | synchronous                                    |
    | Reset State        | s0                                             |
    | Power Up State     | s0                                             |
    | Encoding           | auto                                           |
    | Implementation     | LUT                                            |
    -----------------------------------------------------------------------
    Summary:
	inferred   1 Finite State Machine(s).
Unit <Task1> synthesized.

=========================================================================
HDL Synthesis Report

Macro Statistics
# FSMs                                                 : 1

=========================================================================

=========================================================================
*                       Advanced HDL Synthesis                          *
=========================================================================


=========================================================================
Advanced HDL Synthesis Report

Macro Statistics
# FSMs                                                 : 1

=========================================================================

=========================================================================
*                         Low Level Synthesis                           *
=========================================================================
Analyzing FSM <MFsm> for best encoding.
Optimizing FSM <FSM_0> on signal <state[1:3]> with gray encoding.
-------------------
 State | Encoding
-------------------
 s0    | 000
 s1    | 001
 s2    | 011
 s3    | 110
 s4    | 010
-------------------

Optimizing unit <Task1> ...

Mapping all equations...
Building and optimizing final netlist ...
Found area constraint ratio of 100 (+ 5) on block Task1, actual ratio is 0.

Final Macro Processing ...

=========================================================================
Final Register Report

Macro Statistics
# Registers                                            : 3
 Flip-Flops                                            : 3

=========================================================================

=========================================================================
*                           Partition Report                            *
=========================================================================

Partition Implementation Status
-------------------------------

  No Partitions were found in this design.

-------------------------------

=========================================================================
*                            Design Summary                             *
=========================================================================

Top Level Output File Name         : Task1.ngc

Primitive and Black Box Usage:
------------------------------
# BELS                             : 8
#      LUT2                        : 2
#      LUT3                        : 3
#      LUT6                        : 3
# FlipFlops/Latches                : 3
#      FDR                         : 3
# Clock Buffers                    : 1
#      BUFGP                       : 1
# IO Buffers                       : 7
#      IBUF                        : 5
#      OBUF                        : 2

Device utilization summary:
---------------------------

Selected Device : 7a100tcsg324-3 


Slice Logic Utilization: 
 Number of Slice Registers:               3  out of  126800     0%  
 Number of Slice LUTs:                    8  out of  63400     0%  
    Number used as Logic:                 8  out of  63400     0%  

Slice Logic Distribution: 
 Number of LUT Flip Flop pairs used:     11
   Number with an unused Flip Flop:       8  out of     11    72%  
   Number with an unused LUT:             3  out of     11    27%  
   Number of fully used LUT-FF pairs:     0  out of     11     0%  
   Number of unique control sets:         1

IO Utilization: 
 Number of IOs:                           8
 Number of bonded IOBs:                   8  out of    210     3%  

Specific Feature Utilization:
 Number of BUFG/BUFGCTRL/BUFHCEs:         1  out of    128     0%  

---------------------------
Partition Resource Summary:
---------------------------

  No Partitions were found in this design.

---------------------------


=========================================================================
Timing Report

NOTE: THESE TIMING NUMBERS ARE ONLY A SYNTHESIS ESTIMATE.
      FOR ACCURATE TIMING INFORMATION PLEASE REFER TO THE TRACE REPORT
      GENERATED AFTER PLACE-and-ROUTE.

Clock Information:
------------------
-----------------------------------+------------------------+-------+
Clock Signal                       | Clock buffer(FF name)  | Load  |
-----------------------------------+------------------------+-------+
CLK                                | BUFGP                  | 3     |
-----------------------------------+------------------------+-------+

Asynchronous Control Signals Information:
----------------------------------------
No asynchronous control signals found in this design

Timing Summary:
---------------
Speed Grade: -3

   Minimum period: 0.991ns (Maximum Frequency: 1008.776MHz)
   Minimum input arrival time before clock: 1.422ns
   Maximum output required time after clock: 1.267ns
   Maximum combinational path delay: No path found

Timing Details:
---------------
All values displayed in nanoseconds (ns)

=========================================================================
Timing constraint: Default period analysis for Clock 'CLK'
  Clock period: 0.991ns (frequency: 1008.776MHz)
  Total number of paths / destination ports: 9 / 3
-------------------------------------------------------------------------
Delay:               0.991ns (Levels of Logic = 1)
  Source:            state_FSM_FFd2 (FF)
  Destination:       state_FSM_FFd1 (FF)
  Source Clock:      CLK rising
  Destination Clock: CLK rising

  Data Path: state_FSM_FFd2 to state_FSM_FFd1
                                Gate     Net
    Cell:in->out      fanout   Delay   Delay  Logical Name (Net Name)
    ----------------------------------------  ------------
     FDR:C->Q              4   0.361   0.525  state_FSM_FFd2 (state_FSM_FFd2)
     LUT6:I3->O            1   0.097   0.000  state_FSM_FFd3-In (state_FSM_FFd3-In)
     FDR:D                     0.008          state_FSM_FFd3
    ----------------------------------------
    Total                      0.991ns (0.466ns logic, 0.525ns route)
                                       (47.0% logic, 53.0% route)

=========================================================================
Timing constraint: Default OFFSET IN BEFORE for Clock 'CLK'
  Total number of paths / destination ports: 18 / 6
-------------------------------------------------------------------------
Offset:              1.422ns (Levels of Logic = 3)
  Source:            IP<2> (PAD)
  Destination:       state_FSM_FFd3 (FF)
  Destination Clock: CLK rising

  Data Path: IP<2> to state_FSM_FFd3
                                Gate     Net
    Cell:in->out      fanout   Delay   Delay  Logical Name (Net Name)
    ----------------------------------------  ------------
     IBUF:I->O             4   0.001   0.525  IP_2_IBUF (IP_2_IBUF)
     LUT3:I0->O            1   0.097   0.693  state_FSM_FFd3-In_SW1 (N11)
     LUT6:I0->O            1   0.097   0.000  state_FSM_FFd3-In (state_FSM_FFd3-In)
     FDR:D                     0.008          state_FSM_FFd3
    ----------------------------------------
    Total                      1.422ns (0.203ns logic, 1.219ns route)
                                       (14.3% logic, 85.7% route)

=========================================================================
Timing constraint: Default OFFSET OUT AFTER for Clock 'CLK'
  Total number of paths / destination ports: 4 / 2
-------------------------------------------------------------------------
Offset:              1.267ns (Levels of Logic = 2)
  Source:            state_FSM_FFd1 (FF)
  Destination:       OP<0> (PAD)
  Source Clock:      CLK rising

  Data Path: state_FSM_FFd1 to OP<0>
                                Gate     Net
    Cell:in->out      fanout   Delay   Delay  Logical Name (Net Name)
    ----------------------------------------  ------------
     FDR:C->Q              5   0.361   0.530  state_FSM_FFd1 (state_FSM_FFd1)
     LUT3:I0->O            1   0.097   0.279  state_OP<0>1 (OP_0_OBUF)
     OBUF:I->O                 0.000          OP_0_OBUF (OP<0>)
    ----------------------------------------
    Total                      1.267ns (0.458ns logic, 0.809ns route)
                                       (36.1% logic, 63.9% route)

=========================================================================

Cross Clock Domains Report:
--------------------------

Clock to Setup on destination clock CLK
---------------+---------+---------+---------+---------+
               | Src:Rise| Src:Fall| Src:Rise| Src:Fall|
Source Clock   |Dest:Rise|Dest:Rise|Dest:Fall|Dest:Fall|
---------------+---------+---------+---------+---------+
CLK            |    0.991|         |         |         |
---------------+---------+---------+---------+---------+

=========================================================================


Total REAL time to Xst completion: 12.00 secs
Total CPU time to Xst completion: 12.31 secs
 
--> 

Total memory usage is 330652 kilobytes

Number of errors   :    0 (   0 filtered)
Number of warnings :    0 (   0 filtered)
Number of infos    :    0 (   0 filtered)

