MESSAGE "Generating testbench for file: E:\Embedded\Projects\POCP\Lab05\Lab05\src\Task2.asf"
WARNING ASFTEST_401 " ';' expected at the end of statement: 'OP<=""00""'" "E:\Embedded\Projects\POCP\Lab05\Lab05\src\Task2.asf" 17
MESSAGE " Generating testbench using strategy 1..."
MESSAGE "Test quality for strategy 1 :"
MESSAGE " States      : 100.00 %"
MESSAGE " Transitions : 50.00 %"
MESSAGE " Test length : 5"
MESSAGE " Time        :   0.1 sec."
MESSAGE " Generating testbench using strategy 2..."
MESSAGE "Test quality for strategy 2 :"
MESSAGE " States      : 100.00 %"
MESSAGE " Transitions : 100.00 %"
MESSAGE " Test length : 10"
MESSAGE " Time        :   0.1 sec."
MESSAGE " Generating testbench using strategy 3..."
MESSAGE "Test quality for strategy 3 :"
MESSAGE " States      : 100.00 %"
MESSAGE " Transitions : 50.00 %"
MESSAGE " Test length : 15"
MESSAGE " Time        :   0.1 sec."
MESSAGE "FSM testbench generation completed. 0 error(s), 1 warning(s)"
