MESSAGE "Generating testbench for file: E:\Embedded\Projects\POCP\Lab05\Lab05\src\Task1.asf"
MESSAGE " Generating testbench using strategy 1..."
MESSAGE "Test quality for strategy 1 :"
MESSAGE " States      : 100.00 %"
MESSAGE " Transitions : 54.55 %"
MESSAGE " Test length : 6"
MESSAGE " Time        :   0.1 sec."
MESSAGE " Generating testbench using strategy 2..."
MESSAGE "Test quality for strategy 2 :"
MESSAGE " States      : 100.00 %"
MESSAGE " Transitions : 100.00 %"
MESSAGE " Test length : 17"
MESSAGE " Time        :   0.1 sec."
MESSAGE " Generating testbench using strategy 3..."
MESSAGE "Test quality for strategy 3 :"
MESSAGE " States      : 100.00 %"
MESSAGE " Transitions : 45.45 %"
MESSAGE " Test length : 14"
MESSAGE " Time        :   0.1 sec."
SUCCESS "FSM testbench generation completed. 0 error(s), 0 warning(s)"
